Change Component Footprint: Designator=C3 Old Footprint=CAPC0603(1608)100_M New Footprint=CAPC0603(1608)100_L
Change Component Footprint: Designator=C4 Old Footprint=CAPC0603(1608)100_M New Footprint=CAPC0603(1608)100_L
Change Component Footprint: Designator=C5 Old Footprint=CAPC0603(1608)100_M New Footprint=CAPC0603(1608)100_L
Change Component Footprint: Designator=C6 Old Footprint=CAPC0603(1608)100_M New Footprint=CAPC0603(1608)100_L
Change Component Footprint: Designator=C7 Old Footprint=CAPC0603(1608)100_M New Footprint=CAPC0603(1608)100_L
Change Component Footprint: Designator=C8 Old Footprint=CAPC0603(1608)100_M New Footprint=CAPC0603(1608)100_L
Change Component Footprint: Designator=C9 Old Footprint=CAPC0603(1608)100_M New Footprint=CAPC0603(1608)100_L
Change Component Footprint: Designator=C10 Old Footprint=CAPC0603(1608)100_M New Footprint=CAPC0603(1608)100_L
Change Component Footprint: Designator=C13 Old Footprint=CAPC0603(1608)100_M New Footprint=CAPC0603(1608)100_L
Change Component Footprint: Designator=C16 Old Footprint=CAPC0603(1608)100_M New Footprint=CAPC0603(1608)100_L
Change Component Footprint: Designator=C17 Old Footprint=CAPC0603(1608)100_M New Footprint=CAPC0603(1608)100_L
Change Component Footprint: Designator=C18 Old Footprint=CAPC0603(1608)100_M New Footprint=CAPC0603(1608)100_L
Change Component Footprint: Designator=C19 Old Footprint=CAPC0603(1608)100_M New Footprint=CAPC0603(1608)100_L
Change Component Footprint: Designator=C1 Old Footprint=CAPC0603(1608)100_N New Footprint=CAPC0603(1608)100_L
Change Component Footprint: Designator=C2 Old Footprint=CAPC0603(1608)100_N New Footprint=CAPC0603(1608)100_L
Change Component Footprint: Designator=C15 Old Footprint=CAPC0805(2012)145_M New Footprint=CAPC0805(2012)145_L
Change Component Footprint: Designator=C14 Old Footprint=CAPC0805(2012)145_N New Footprint=CAPC0805(2012)145_L
Change Component Footprint: Designator=R2 Old Footprint=RESC0603(1608)_M New Footprint=RESC0603(1608)_L
Change Component Footprint: Designator=R4 Old Footprint=RESC0603(1608)_M New Footprint=RESC0603(1608)_L
Change Component Footprint: Designator=R11 Old Footprint=RESC0603(1608)_M New Footprint=RESC0603(1608)_L
Change Component Footprint: Designator=R12 Old Footprint=RESC0603(1608)_M New Footprint=RESC0603(1608)_L
Change Component Footprint: Designator=R13 Old Footprint=RESC0603(1608)_M New Footprint=RESC0603(1608)_L
Change Component Footprint: Designator=R14 Old Footprint=RESC0603(1608)_M New Footprint=RESC0603(1608)_L
Change Component Footprint: Designator=R23 Old Footprint=RESC0603(1608)_M New Footprint=RESC0603(1608)_L
Change Component Footprint: Designator=R24 Old Footprint=RESC0603(1608)_M New Footprint=RESC0603(1608)_L
Change Component Footprint: Designator=R8 Old Footprint=RESC0603(1608)_N New Footprint=RESC0603(1608)_L
Change Component Footprint: Designator=R9 Old Footprint=RESC0603(1608)_N New Footprint=RESC0603(1608)_L
Change Component Footprint: Designator=R10 Old Footprint=RESC0603(1608)_N New Footprint=RESC0603(1608)_L
Change Component Footprint: Designator=R15 Old Footprint=RESC0603(1608)_N New Footprint=RESC0603(1608)_L
Change Component Footprint: Designator=R18 Old Footprint=RESC1609X55X30ML15T15 New Footprint=RESC1609X55X30LL15T15
Change Component Footprint: Designator=R19 Old Footprint=RESC1609X55X30ML15T15 New Footprint=RESC1609X55X30LL15T15
Change Component Footprint: Designator=R20 Old Footprint=RESC1609X55X30ML15T15 New Footprint=RESC1609X55X30LL15T15
Change Component Footprint: Designator=R21 Old Footprint=RESC1609X55X30ML15T15 New Footprint=RESC1609X55X30LL15T15
Change Component Footprint: Designator=R22 Old Footprint=RESC1609X55X30ML15T15 New Footprint=RESC1609X55X30LL15T15
Added Member To Class: ClassName=U_MCU Member=Component J1 
Added Member To Class: ClassName=U_STLINK-V2 Member=Component J1 47589-0001
Added Member To Class: ClassName=U_MCU Member=Component J2 
Added Member To Class: ClassName=U_MCU Member=Component J3 
Added Member To Class: ClassName=U_MCU Member=Component J4 
Added Member To Class: ClassName=U_MCU Member=Component J5 
