Removed Pin From Net: NetName=3.3v_MCU Pin=U3-1
Removed Pin From Net: NetName=NetJ2_2 Pin=U3-5
Removed Pin From Net: NetName=NetJ3_2 Pin=U3-6
Removed Pin From Net: NetName=NetC13_2 Pin=U3-7
Removed Pin From Net: NetName=GND Pin=U3-8
Removed Pin From Net: NetName=3.3v_MCU Pin=U3-9
Removed Pin From Net: NetName=GND Pin=U3-23
Removed Pin From Net: NetName=3.3v_MCU Pin=U3-24
Removed Pin From Net: NetName=GND Pin=U3-35
Removed Pin From Net: NetName=3.3v_MCU Pin=U3-36
Removed Pin From Net: NetName=NetJ1_1 Pin=U3-44
Removed Pin From Net: NetName=GND Pin=U3-47
Removed Pin From Net: NetName=3.3v_MCU Pin=U3-48
Removed Member From Class: ClassName=U_STLINK-V2 Member=R17
Removed Member From Class: ClassName=U_STLINK-V2 Member=U5
Removed Member From Class: ClassName=U_MCU Member=U6
Change Component Designator: OldDesignator=R17 NewDesignator=R24
Added Component: Designator=R1555(Solder Bridge)
Add component. Clean all parameters for all variants
Add component (AddParameter): Name = "Value"; Value = ""; VariantName = "[No Variations]"
Added Component: Designator=U3(STM-LQFP48_M)
Add component. Clean all parameters for all variants
Add component (AddParameter): Name = "ComponentLink1Description"; Value = "Manufacturer URL"; VariantName = "[No Variations]"
Add component (AddParameter): Name = "ComponentLink1URL"; Value = "http://www.st.com/"; VariantName = "[No Variations]"
Add component (AddParameter): Name = "ComponentLink2Description"; Value = "Datasheet"; VariantName = "[No Variations]"
Add component (AddParameter): Name = "ComponentLink2URL"; Value = "http://www.st.com/st-web-ui/static/active/en/resource/technical/document/datasheet/DM00141386.pdf"; VariantName = "[No Variations]"
Add component (AddParameter): Name = "Core"; Value = "ARM Cortex-M0"; VariantName = "[No Variations]"
Add component (AddParameter): Name = "D/A Converter"; Value = ""; VariantName = "[No Variations]"
Add component (AddParameter): Name = "DatasheetVersion"; Value = "Rev. 3"; VariantName = "[No Variations]"
Add component (AddParameter): Name = "FLASH Size (Prog) (kB)"; Value = "32"; VariantName = "[No Variations]"
Add component (AddParameter): Name = "I/Os (High Current)"; Value = "37"; VariantName = "[No Variations]"
Add component (AddParameter): Name = "Internal RAM Size (kB)"; Value = "6"; VariantName = "[No Variations]"
Add component (AddParameter): Name = "Mounting Technology"; Value = "Surface Mount"; VariantName = "[No Variations]"
Add component (AddParameter): Name = "Operating Frequency(F) (Processor speed) (MHz)"; Value = "48"; VariantName = "[No Variations]"
Add component (AddParameter): Name = "Package Description"; Value = "48-Pin Low Profile Quad Flat Package, Body 7 x 7 mm, Pitch 0.5 mm"; VariantName = "[No Variations]"
Add component (AddParameter): Name = "Package Reference"; Value = "LQFP48"; VariantName = "[No Variations]"
Add component (AddParameter): Name = "Packing"; Value = "Tray"; VariantName = "[No Variations]"
Add component (AddParameter): Name = "Supply Voltage(Vcc) min (V)"; Value = "2.4"; VariantName = "[No Variations]"
Added Pin To Net: NetName=3.3v_MCU Pin=U3-1
Added Pin To Net: NetName=NetJ2_2 Pin=U3-5
Added Pin To Net: NetName=NetJ3_2 Pin=U3-6
Added Pin To Net: NetName=NetC13_2 Pin=U3-7
Added Pin To Net: NetName=GND Pin=U3-8
Added Pin To Net: NetName=3.3v_MCU Pin=U3-9
Added Pin To Net: NetName=GND Pin=U3-23
Added Pin To Net: NetName=3.3v_MCU Pin=U3-24
Added Pin To Net: NetName=GND Pin=U3-35
Added Pin To Net: NetName=3.3v_MCU Pin=U3-36
Added Pin To Net: NetName=NetJ1_1 Pin=U3-44
Added Pin To Net: NetName=GND Pin=U3-47
Added Pin To Net: NetName=3.3v_MCU Pin=U3-48
Change Net Name : Old Net Name=NetR17_1 New Net Name=NetR24_1
Change Net Name : Old Net Name=NetR17_2 New Net Name=NetR24_2
Added Pin To Net: NetName=NetU3_12 Pin=U3-12
Added Net: Name=NetU3_12
Added Pin To Net: NetName=NetU3_34 Pin=U3-34
Added Net: Name=NetU3_34
Added Pin To Net: NetName=NetU3_37 Pin=U3-37
Added Net: Name=NetU3_37
Added Pin To Net: NetName=NetU3_38 Pin=U3-38
Added Net: Name=NetU3_38
Added Member To Class: ClassName=U_STLINK-V2 Member=Component R24 100R
Added Member To Class: ClassName=U_MCU Member=Component R1555 
Added Member To Class: ClassName=U_STLINK-V2 Member=Component U2 LD1117S33CTR
Added Member To Class: ClassName=U_MCU Member=Component U3 STM32F070C6T6
